<?xml version="1.0" encoding="UTF-8"?>
<testsuite xmlns:xsi="http://www.w3.org/2001/XMLSchema-instance" xsi:noNamespaceSchemaLocation="https://maven.apache.org/surefire/maven-surefire-plugin/xsd/surefire-test-report.xsd" name="com.ec.onlineplantnursery.service.PlanterServiceImplTest" time="0.571" tests="9" errors="0" skipped="0" failures="0">
  <properties>
[...]
</properties>
  <testcase name="testDeletePlanterException" classname="com.ec.onlineplantnursery.service.PlanterServiceImplTest" time="0.346"/>
  <testcase name="testUpdatePlanterException" classname="com.ec.onlineplantnursery.service.PlanterServiceImplTest" time="0.017"/>
  <testcase name="testViewPlanterById" classname="com.ec.onlineplantnursery.service.PlanterServiceImplTest" time="0.016"/>
  <testcase name="testViewPlanterByIdException" classname="com.ec.onlineplantnursery.service.PlanterServiceImplTest" time="0.022"/>
  <testcase name="testUpdatePlanter" classname="com.ec.onlineplantnursery.service.PlanterServiceImplTest" time="0.031"/>
  <testcase name="testGetAllPlanters" classname="com.ec.onlineplantnursery.service.PlanterServiceImplTest" time="0.025"/>
  <testcase name="testViewPlanterByRange" classname="com.ec.onlineplantnursery.service.PlanterServiceImplTest" time="0.035"/>
  <testcase name="testViewPlanterByShape" classname="com.ec.onlineplantnursery.service.PlanterServiceImplTest" time="0.024"/>
  <testcase name="testDeletePlanter" classname="com.ec.onlineplantnursery.service.PlanterServiceImplTest" time="0.018"/>
</testsuite>